c:\users\nguyen phong\downloads\putty-src\windows\vs2012\convertlib\debug\convertlib.pdb
c:\users\nguyen phong\downloads\putty-src\windows\vs2012\convertlib\debug\convertlib.idb
c:\users\nguyen phong\downloads\putty-src\windows\vs2012\convertlib\debug\version.obj
c:\users\nguyen phong\downloads\putty-src\windows\vs2012\convertlib\debug\tree234.obj
c:\users\nguyen phong\downloads\putty-src\windows\vs2012\convertlib\debug\sshsha.obj
c:\users\nguyen phong\downloads\putty-src\windows\vs2012\convertlib\debug\sshsh512.obj
c:\users\nguyen phong\downloads\putty-src\windows\vs2012\convertlib\debug\sshsh256.obj
c:\users\nguyen phong\downloads\putty-src\windows\vs2012\convertlib\debug\sshrsa.obj
c:\users\nguyen phong\downloads\putty-src\windows\vs2012\convertlib\debug\sshrand.obj
c:\users\nguyen phong\downloads\putty-src\windows\vs2012\convertlib\debug\sshpubk.obj
c:\users\nguyen phong\downloads\putty-src\windows\vs2012\convertlib\debug\sshmd5.obj
c:\users\nguyen phong\downloads\putty-src\windows\vs2012\convertlib\debug\sshecc.obj
c:\users\nguyen phong\downloads\putty-src\windows\vs2012\convertlib\debug\sshdss.obj
c:\users\nguyen phong\downloads\putty-src\windows\vs2012\convertlib\debug\sshdes.obj
c:\users\nguyen phong\downloads\putty-src\windows\vs2012\convertlib\debug\sshbn.obj
c:\users\nguyen phong\downloads\putty-src\windows\vs2012\convertlib\debug\sshblowf.obj
c:\users\nguyen phong\downloads\putty-src\windows\vs2012\convertlib\debug\sshbcrypt.obj
c:\users\nguyen phong\downloads\putty-src\windows\vs2012\convertlib\debug\sshaes.obj
c:\users\nguyen phong\downloads\putty-src\windows\vs2012\convertlib\debug\misc.obj
c:\users\nguyen phong\downloads\putty-src\windows\vs2012\convertlib\debug\import.obj
c:\users\nguyen phong\downloads\putty-src\windows\vs2012\convertlib\debug\conf.obj
c:\users\nguyen phong\downloads\putty-src\windows\vs2012\convertlib\debug\convertlib.tlog\cl.command.1.tlog
c:\users\nguyen phong\downloads\putty-src\windows\vs2012\convertlib\debug\convertlib.tlog\cl.read.1.tlog
c:\users\nguyen phong\downloads\putty-src\windows\vs2012\convertlib\debug\convertlib.tlog\cl.write.1.tlog
