c:\users\nguyen phong\downloads\putty-src\windows\vs2012\convertpem2ppk\release\vc141.pdb
c:\users\nguyen phong\downloads\putty-src\windows\vs2012\convertpem2ppk\release\winmisc.obj
c:\users\nguyen phong\downloads\putty-src\windows\vs2012\convertpem2ppk\release\version.obj
c:\users\nguyen phong\downloads\putty-src\windows\vs2012\convertpem2ppk\release\tree234.obj
c:\users\nguyen phong\downloads\putty-src\windows\vs2012\convertpem2ppk\release\sshsha.obj
c:\users\nguyen phong\downloads\putty-src\windows\vs2012\convertpem2ppk\release\sshsh512.obj
c:\users\nguyen phong\downloads\putty-src\windows\vs2012\convertpem2ppk\release\sshsh256.obj
c:\users\nguyen phong\downloads\putty-src\windows\vs2012\convertpem2ppk\release\sshrsa.obj
c:\users\nguyen phong\downloads\putty-src\windows\vs2012\convertpem2ppk\release\sshrand.obj
c:\users\nguyen phong\downloads\putty-src\windows\vs2012\convertpem2ppk\release\sshpubk.obj
c:\users\nguyen phong\downloads\putty-src\windows\vs2012\convertpem2ppk\release\sshmd5.obj
c:\users\nguyen phong\downloads\putty-src\windows\vs2012\convertpem2ppk\release\sshecc.obj
c:\users\nguyen phong\downloads\putty-src\windows\vs2012\convertpem2ppk\release\sshdss.obj
c:\users\nguyen phong\downloads\putty-src\windows\vs2012\convertpem2ppk\release\sshdes.obj
c:\users\nguyen phong\downloads\putty-src\windows\vs2012\convertpem2ppk\release\sshbn.obj
c:\users\nguyen phong\downloads\putty-src\windows\vs2012\convertpem2ppk\release\sshblowf.obj
c:\users\nguyen phong\downloads\putty-src\windows\vs2012\convertpem2ppk\release\sshbcrypt.obj
c:\users\nguyen phong\downloads\putty-src\windows\vs2012\convertpem2ppk\release\sshaes.obj
c:\users\nguyen phong\downloads\putty-src\windows\vs2012\convertpem2ppk\release\misc.obj
c:\users\nguyen phong\downloads\putty-src\windows\vs2012\convertpem2ppk\release\import.obj
c:\users\nguyen phong\downloads\putty-src\windows\vs2012\convertpem2ppk\release\conf.obj
c:\users\nguyen phong\downloads\putty-src\windows\vs2012\convertpem2ppk\release\convertpem2ppk.obj
c:\users\nguyen phong\downloads\putty-src\windows\vs2012\release\convertpem2ppk.ipdb
c:\users\nguyen phong\downloads\putty-src\windows\vs2012\release\convertpem2ppk.iobj
c:\users\nguyen phong\downloads\putty-src\windows\vs2012\release\convertpem2ppk.exe
c:\users\nguyen phong\downloads\putty-src\windows\vs2012\release\convertpem2ppk.pdb
c:\users\nguyen phong\downloads\putty-src\windows\vs2012\convertpem2ppk\release\convertpem2ppk.tlog\cl.command.1.tlog
c:\users\nguyen phong\downloads\putty-src\windows\vs2012\convertpem2ppk\release\convertpem2ppk.tlog\cl.read.1.tlog
c:\users\nguyen phong\downloads\putty-src\windows\vs2012\convertpem2ppk\release\convertpem2ppk.tlog\cl.write.1.tlog
c:\users\nguyen phong\downloads\putty-src\windows\vs2012\convertpem2ppk\release\convertpem2ppk.tlog\convertpem2ppk.write.1u.tlog
c:\users\nguyen phong\downloads\putty-src\windows\vs2012\convertpem2ppk\release\convertpem2ppk.tlog\link.command.1.tlog
c:\users\nguyen phong\downloads\putty-src\windows\vs2012\convertpem2ppk\release\convertpem2ppk.tlog\link.read.1.tlog
c:\users\nguyen phong\downloads\putty-src\windows\vs2012\convertpem2ppk\release\convertpem2ppk.tlog\link.write.1.tlog
