c:\users\nguyen phong\downloads\putty-src\windows\vs2012\puttygen\debug\vc140.pdb
c:\users\nguyen phong\downloads\putty-src\windows\vs2012\puttygen\debug\vc140.idb
c:\users\nguyen phong\downloads\putty-src\windows\vs2012\puttygen\debug\sshprime.obj
c:\users\nguyen phong\downloads\putty-src\windows\vs2012\puttygen\debug\sshpubk.obj
c:\users\nguyen phong\downloads\putty-src\windows\vs2012\puttygen\debug\sshrand.obj
c:\users\nguyen phong\downloads\putty-src\windows\vs2012\puttygen\debug\sshrsa.obj
c:\users\nguyen phong\downloads\putty-src\windows\vs2012\puttygen\debug\sshrsag.obj
c:\users\nguyen phong\downloads\putty-src\windows\vs2012\puttygen\debug\sshsh256.obj
c:\users\nguyen phong\downloads\putty-src\windows\vs2012\puttygen\debug\sshsh512.obj
c:\users\nguyen phong\downloads\putty-src\windows\vs2012\puttygen\debug\sshsha.obj
c:\users\nguyen phong\downloads\putty-src\windows\vs2012\puttygen\debug\tree234.obj
c:\users\nguyen phong\downloads\putty-src\windows\vs2012\puttygen\debug\version.obj
c:\users\nguyen phong\downloads\putty-src\windows\vs2012\puttygen\debug\winctrls.obj
c:\users\nguyen phong\downloads\putty-src\windows\vs2012\puttygen\debug\winhelp.obj
c:\users\nguyen phong\downloads\putty-src\windows\vs2012\puttygen\debug\winmisc.obj
c:\users\nguyen phong\downloads\putty-src\windows\vs2012\puttygen\debug\winnoise.obj
c:\users\nguyen phong\downloads\putty-src\windows\vs2012\puttygen\debug\winnojmp.obj
c:\users\nguyen phong\downloads\putty-src\windows\vs2012\puttygen\debug\winpgen.obj
c:\users\nguyen phong\downloads\putty-src\windows\vs2012\puttygen\debug\winsecur.obj
c:\users\nguyen phong\downloads\putty-src\windows\vs2012\puttygen\debug\winstore.obj
c:\users\nguyen phong\downloads\putty-src\windows\vs2012\puttygen\debug\wintime.obj
c:\users\nguyen phong\downloads\putty-src\windows\vs2012\puttygen\debug\winutils.obj
c:\users\nguyen phong\downloads\putty-src\windows\vs2012\puttygen\debug\conf.obj
c:\users\nguyen phong\downloads\putty-src\windows\vs2012\puttygen\debug\import.obj
c:\users\nguyen phong\downloads\putty-src\windows\vs2012\puttygen\debug\misc.obj
c:\users\nguyen phong\downloads\putty-src\windows\vs2012\puttygen\debug\notiming.obj
c:\users\nguyen phong\downloads\putty-src\windows\vs2012\puttygen\debug\sshaes.obj
c:\users\nguyen phong\downloads\putty-src\windows\vs2012\puttygen\debug\sshbcrypt.obj
c:\users\nguyen phong\downloads\putty-src\windows\vs2012\puttygen\debug\sshblowf.obj
c:\users\nguyen phong\downloads\putty-src\windows\vs2012\puttygen\debug\sshbn.obj
c:\users\nguyen phong\downloads\putty-src\windows\vs2012\puttygen\debug\sshdes.obj
c:\users\nguyen phong\downloads\putty-src\windows\vs2012\puttygen\debug\sshdss.obj
c:\users\nguyen phong\downloads\putty-src\windows\vs2012\puttygen\debug\sshdssg.obj
c:\users\nguyen phong\downloads\putty-src\windows\vs2012\puttygen\debug\sshecc.obj
c:\users\nguyen phong\downloads\putty-src\windows\vs2012\puttygen\debug\sshecdsag.obj
c:\users\nguyen phong\downloads\putty-src\windows\vs2012\puttygen\debug\sshmd5.obj
c:\users\nguyen phong\downloads\putty-src\windows\vs2012\puttygen\debug\puttygen.tlog\cl.command.1.tlog
c:\users\nguyen phong\downloads\putty-src\windows\vs2012\puttygen\debug\puttygen.tlog\cl.read.1.tlog
c:\users\nguyen phong\downloads\putty-src\windows\vs2012\puttygen\debug\puttygen.tlog\cl.write.1.tlog
c:\users\nguyen phong\downloads\putty-src\windows\vs2012\puttygen\debug\puttygen.tlog\rc.command.1.tlog
c:\users\nguyen phong\downloads\putty-src\windows\vs2012\puttygen\debug\puttygen.tlog\rc.read.1.tlog
c:\users\nguyen phong\downloads\putty-src\windows\vs2012\puttygen\debug\puttygen.tlog\rc.write.1.tlog
